2020-12-03 16:08:10.619 [main] INFO  c.u.j.c.EnableEncryptablePropertiesConfiguration - Bootstraping jasypt-string-boot auto configuration in context: application-1
2020-12-03 16:08:10.660 [main] INFO  com.ccty.service.common.CommonApplication - No active profile set, falling back to default profiles: default
2020-12-03 16:08:10.675 [main] INFO  o.s.b.w.s.c.AnnotationConfigServletWebServerApplicationContext - Refreshing org.springframework.boot.web.servlet.context.AnnotationConfigServletWebServerApplicationContext@25e2ab5a: startup date [Thu Dec 03 16:08:10 CST 2020]; parent: org.springframework.context.annotation.AnnotationConfigApplicationContext@7b98f307
2020-12-03 16:08:12.006 [main] INFO  o.s.d.r.config.RepositoryConfigurationDelegate - Multiple Spring Data modules found, entering strict repository configuration mode!
2020-12-03 16:08:12.405 [main] INFO  o.springframework.cloud.context.scope.GenericScope - BeanFactory id=2e9edd29-9a99-309b-9274-ae1c50e44b43
2020-12-03 16:08:12.420 [main] INFO  c.u.j.c.EnableEncryptablePropertiesBeanFactoryPostProcessor - Post-processing PropertySource instances
2020-12-03 16:08:12.456 [main] INFO  c.u.j.EncryptablePropertySourceConverter - Converting PropertySource configurationProperties [org.springframework.boot.context.properties.source.ConfigurationPropertySourcesPropertySource] to AOP Proxy
2020-12-03 16:08:12.456 [main] INFO  c.u.j.EncryptablePropertySourceConverter - Converting PropertySource servletConfigInitParams [org.springframework.core.env.PropertySource$StubPropertySource] to EncryptablePropertySourceWrapper
2020-12-03 16:08:12.456 [main] INFO  c.u.j.EncryptablePropertySourceConverter - Converting PropertySource servletContextInitParams [org.springframework.core.env.PropertySource$StubPropertySource] to EncryptablePropertySourceWrapper
2020-12-03 16:08:12.457 [main] INFO  c.u.j.EncryptablePropertySourceConverter - Converting PropertySource systemProperties [org.springframework.core.env.MapPropertySource] to EncryptableMapPropertySourceWrapper
2020-12-03 16:08:12.457 [main] INFO  c.u.j.EncryptablePropertySourceConverter - Converting PropertySource systemEnvironment [org.springframework.boot.env.SystemEnvironmentPropertySourceEnvironmentPostProcessor$OriginAwareSystemEnvironmentPropertySource] to EncryptableMapPropertySourceWrapper
2020-12-03 16:08:12.457 [main] INFO  c.u.j.EncryptablePropertySourceConverter - Converting PropertySource random [org.springframework.boot.env.RandomValuePropertySource] to EncryptablePropertySourceWrapper
2020-12-03 16:08:12.457 [main] INFO  c.u.j.EncryptablePropertySourceConverter - Converting PropertySource applicationConfig: [classpath:/application.yml] [org.springframework.boot.env.OriginTrackedMapPropertySource] to EncryptableMapPropertySourceWrapper
2020-12-03 16:08:12.457 [main] INFO  c.u.j.EncryptablePropertySourceConverter - Converting PropertySource springCloudClientHostInfo [org.springframework.core.env.MapPropertySource] to EncryptableMapPropertySourceWrapper
2020-12-03 16:08:12.457 [main] INFO  c.u.j.EncryptablePropertySourceConverter - Converting PropertySource defaultProperties [org.springframework.core.env.MapPropertySource] to EncryptableMapPropertySourceWrapper
2020-12-03 16:08:12.467 [main] INFO  o.s.b.f.a.AutowiredAnnotationBeanPostProcessor - JSR-330 'javax.inject.Inject' annotation found and supported for autowiring
2020-12-03 16:08:12.492 [main] INFO  c.u.j.filter.DefaultLazyPropertyFilter - Property Filter custom Bean not found with name 'encryptablePropertyFilter'. Initializing Default Property Filter
2020-12-03 16:08:12.582 [main] INFO  o.s.c.s.PostProcessorRegistrationDelegate$BeanPostProcessorChecker - Bean 'org.springframework.transaction.annotation.ProxyTransactionManagementConfiguration' of type [org.springframework.transaction.annotation.ProxyTransactionManagementConfiguration$$EnhancerBySpringCGLIB$$99ab7e3d] is not eligible for getting processed by all BeanPostProcessors (for example: not eligible for auto-proxying)
2020-12-03 16:08:12.656 [main] INFO  o.s.c.s.PostProcessorRegistrationDelegate$BeanPostProcessorChecker - Bean 'org.springframework.cloud.autoconfigure.ConfigurationPropertiesRebinderAutoConfiguration' of type [org.springframework.cloud.autoconfigure.ConfigurationPropertiesRebinderAutoConfiguration$$EnhancerBySpringCGLIB$$b5c5813a] is not eligible for getting processed by all BeanPostProcessors (for example: not eligible for auto-proxying)
2020-12-03 16:08:14.005 [main] INFO  o.s.boot.web.embedded.tomcat.TomcatWebServer - Tomcat initialized with port(s): 9003 (http)
2020-12-03 16:08:14.022 [main] INFO  org.apache.coyote.http11.Http11NioProtocol - Initializing ProtocolHandler ["http-nio-9003"]
2020-12-03 16:08:14.036 [main] INFO  org.apache.catalina.core.StandardService - Starting service [Tomcat]
2020-12-03 16:08:14.037 [main] INFO  org.apache.catalina.core.StandardEngine - Starting Servlet Engine: Apache Tomcat/8.5.34
2020-12-03 16:08:14.049 [localhost-startStop-1] INFO  org.apache.catalina.core.AprLifecycleListener - The APR based Apache Tomcat Native library which allows optimal performance in production environments was not found on the java.library.path: [C:\Program Files\Java\jdk1.8.0_151\bin;C:\Windows\Sun\Java\bin;C:\Windows\system32;C:\Windows;E:\app\Administrator\product\11.2.0\dbhome_1\bin;C:\ProgramData\Oracle\Java\javapath;C:\Windows\system32;C:\Windows;C:\Windows\System32\Wbem;C:\Windows\System32\WindowsPowerShell\v1.0\;C:\Windows\System32\OpenSSH\;D:\Program Files\nodejs\;C:\Program Files\Java\jdk1.8.0_151\bin;C:\Program Files\Java\jdk1.8.0_151\jre\bin;E:\tool\apache-maven-3.6.2\bin;C:\Users\Administrator\AppData\Local\Microsoft\WindowsApps;D:\Program Files\nodejs\node_global\;;C:\Users\Administrator\AppData\Local\Programs\Microsoft VS Code\bin;.]
2020-12-03 16:08:14.223 [localhost-startStop-1] INFO  o.a.c.core.ContainerBase.[Tomcat].[localhost].[/] - Initializing Spring embedded WebApplicationContext
2020-12-03 16:08:14.224 [localhost-startStop-1] INFO  org.springframework.web.context.ContextLoader - Root WebApplicationContext: initialization completed in 3549 ms
2020-12-03 16:08:14.313 [localhost-startStop-1] INFO  o.s.boot.web.servlet.ServletRegistrationBean - Servlet dispatcherServlet mapped to [/]
2020-12-03 16:08:14.319 [localhost-startStop-1] INFO  o.s.boot.web.servlet.FilterRegistrationBean - Mapping filter: 'characterEncodingFilter' to: [/*]
2020-12-03 16:08:14.320 [localhost-startStop-1] INFO  o.s.boot.web.servlet.FilterRegistrationBean - Mapping filter: 'hiddenHttpMethodFilter' to: [/*]
2020-12-03 16:08:14.321 [localhost-startStop-1] INFO  o.s.boot.web.servlet.FilterRegistrationBean - Mapping filter: 'httpPutFormContentFilter' to: [/*]
2020-12-03 16:08:14.321 [localhost-startStop-1] INFO  o.s.boot.web.servlet.FilterRegistrationBean - Mapping filter: 'requestContextFilter' to: [/*]
2020-12-03 16:08:14.370 [main] INFO  c.u.j.resolver.DefaultLazyPropertyResolver - Property Resolver custom Bean not found with name 'encryptablePropertyResolver'. Initializing Default Property Resolver
2020-12-03 16:08:14.373 [main] INFO  c.u.j.detector.DefaultLazyPropertyDetector - Property Detector custom Bean not found with name 'encryptablePropertyDetector'. Initializing Default Property Detector
2020-12-03 16:08:14.532 [main] INFO  c.u.j.encryptor.DefaultLazyEncryptor - String Encryptor custom Bean not found with name 'jasyptStringEncryptor'. Initializing Default String Encryptor
2020-12-03 16:08:14.544 [main] INFO  c.u.j.encryptor.DefaultLazyEncryptor - Encryptor config not found for property jasypt.encryptor.algorithm, using default value: PBEWithMD5AndDES
2020-12-03 16:08:14.545 [main] INFO  c.u.j.encryptor.DefaultLazyEncryptor - Encryptor config not found for property jasypt.encryptor.keyObtentionIterations, using default value: 1000
2020-12-03 16:08:14.545 [main] INFO  c.u.j.encryptor.DefaultLazyEncryptor - Encryptor config not found for property jasypt.encryptor.poolSize, using default value: 1
2020-12-03 16:08:14.546 [main] INFO  c.u.j.encryptor.DefaultLazyEncryptor - Encryptor config not found for property jasypt.encryptor.providerName, using default value: null
2020-12-03 16:08:14.546 [main] INFO  c.u.j.encryptor.DefaultLazyEncryptor - Encryptor config not found for property jasypt.encryptor.providerClassName, using default value: null
2020-12-03 16:08:14.546 [main] INFO  c.u.j.encryptor.DefaultLazyEncryptor - Encryptor config not found for property jasypt.encryptor.saltGeneratorClassname, using default value: org.jasypt.salt.RandomSaltGenerator
2020-12-03 16:08:14.547 [main] INFO  c.u.j.encryptor.DefaultLazyEncryptor - Encryptor config not found for property jasypt.encryptor.stringOutputType, using default value: base64
2020-12-03 16:08:16.704 [main] INFO  o.s.w.s.m.m.a.RequestMappingHandlerMapping - Mapped "{[/common/getUserInfo],methods=[POST]}" onto public com.ccty.service.common.common.CommonResponse com.ccty.service.common.controller.UserController.getUserInfo(com.ccty.service.common.util.PageRequest)
2020-12-03 16:08:16.705 [main] INFO  o.s.w.s.m.m.a.RequestMappingHandlerMapping - Mapped "{[/common/findUsers],methods=[POST]}" onto public com.ccty.service.common.common.CommonResponse com.ccty.service.common.controller.UserController.findUsers(com.ccty.service.common.entity.SysUser)
2020-12-03 16:08:16.706 [main] INFO  o.s.w.s.m.m.a.RequestMappingHandlerMapping - Mapped "{[/common/findUserById],methods=[GET]}" onto public com.ccty.service.common.common.CommonResponse com.ccty.service.common.controller.UserController.qryUserById()
2020-12-03 16:08:16.706 [main] INFO  o.s.w.s.m.m.a.RequestMappingHandlerMapping - Mapped "{[/common/saveSysUser],methods=[POST]}" onto public com.ccty.service.common.common.CommonResponse com.ccty.service.common.controller.UserController.saveSysUser(com.ccty.service.common.entity.SysUser)
2020-12-03 16:08:16.711 [main] INFO  o.s.w.s.m.m.a.RequestMappingHandlerMapping - Mapped "{[/swagger-resources]}" onto public org.springframework.http.ResponseEntity<java.util.List<springfox.documentation.swagger.web.SwaggerResource>> springfox.documentation.swagger.web.ApiResourceController.swaggerResources()
2020-12-03 16:08:16.713 [main] INFO  o.s.w.s.m.m.a.RequestMappingHandlerMapping - Mapped "{[/swagger-resources/configuration/ui]}" onto public org.springframework.http.ResponseEntity<springfox.documentation.swagger.web.UiConfiguration> springfox.documentation.swagger.web.ApiResourceController.uiConfiguration()
2020-12-03 16:08:16.713 [main] INFO  o.s.w.s.m.m.a.RequestMappingHandlerMapping - Mapped "{[/swagger-resources/configuration/security]}" onto public org.springframework.http.ResponseEntity<springfox.documentation.swagger.web.SecurityConfiguration> springfox.documentation.swagger.web.ApiResourceController.securityConfiguration()
2020-12-03 16:08:16.716 [main] INFO  o.s.w.s.m.m.a.RequestMappingHandlerMapping - Mapped "{[/error]}" onto public org.springframework.http.ResponseEntity<java.util.Map<java.lang.String, java.lang.Object>> org.springframework.boot.autoconfigure.web.servlet.error.BasicErrorController.error(javax.servlet.http.HttpServletRequest)
2020-12-03 16:08:16.718 [main] INFO  o.s.w.s.m.m.a.RequestMappingHandlerMapping - Mapped "{[/error],produces=[text/html]}" onto public org.springframework.web.servlet.ModelAndView org.springframework.boot.autoconfigure.web.servlet.error.BasicErrorController.errorHtml(javax.servlet.http.HttpServletRequest,javax.servlet.http.HttpServletResponse)
2020-12-03 16:08:16.902 [main] INFO  s.d.s.w.PropertySourcedRequestMappingHandlerMapping - Mapped URL path [/v2/api-docs] onto method [public org.springframework.http.ResponseEntity<springfox.documentation.spring.web.json.Json> springfox.documentation.swagger2.web.Swagger2Controller.getDocumentation(java.lang.String,javax.servlet.http.HttpServletRequest)]
2020-12-03 16:08:16.979 [main] WARN  com.netflix.config.sources.URLConfigurationSource - No URLs will be polled as dynamic configuration sources.
2020-12-03 16:08:16.980 [main] INFO  com.netflix.config.sources.URLConfigurationSource - To enable URLs as dynamic configuration sources, define System property archaius.configurationSource.additionalUrls or make config.properties available on classpath.
2020-12-03 16:08:16.995 [main] WARN  com.netflix.config.sources.URLConfigurationSource - No URLs will be polled as dynamic configuration sources.
2020-12-03 16:08:16.995 [main] INFO  com.netflix.config.sources.URLConfigurationSource - To enable URLs as dynamic configuration sources, define System property archaius.configurationSource.additionalUrls or make config.properties available on classpath.
2020-12-03 16:08:17.133 [main] INFO  o.s.web.servlet.handler.SimpleUrlHandlerMapping - Mapped URL path [/**/favicon.ico] onto handler of type [class org.springframework.web.servlet.resource.ResourceHttpRequestHandler]
2020-12-03 16:08:17.793 [main] INFO  o.s.w.s.m.m.a.RequestMappingHandlerAdapter - Looking for @ControllerAdvice: org.springframework.boot.web.servlet.context.AnnotationConfigServletWebServerApplicationContext@25e2ab5a: startup date [Thu Dec 03 16:08:10 CST 2020]; parent: org.springframework.context.annotation.AnnotationConfigApplicationContext@7b98f307
2020-12-03 16:08:17.857 [main] INFO  o.s.web.servlet.handler.SimpleUrlHandlerMapping - Mapped URL path [/webjars/**] onto handler of type [class org.springframework.web.servlet.resource.ResourceHttpRequestHandler]
2020-12-03 16:08:17.857 [main] INFO  o.s.web.servlet.handler.SimpleUrlHandlerMapping - Mapped URL path [/**] onto handler of type [class org.springframework.web.servlet.resource.ResourceHttpRequestHandler]
2020-12-03 16:08:17.876 [main] INFO  o.s.w.s.m.m.a.ExceptionHandlerExceptionResolver - Detected @ExceptionHandler methods in apiExceptionAdvice
2020-12-03 16:08:21.886 [main] INFO  o.s.jmx.export.annotation.AnnotationMBeanExporter - Registering beans for JMX exposure on startup
2020-12-03 16:08:21.889 [main] INFO  o.s.jmx.export.annotation.AnnotationMBeanExporter - Bean with name 'dataSource' has been autodetected for JMX exposure
2020-12-03 16:08:21.896 [main] INFO  o.s.jmx.export.annotation.AnnotationMBeanExporter - Bean with name 'refreshScope' has been autodetected for JMX exposure
2020-12-03 16:08:21.898 [main] INFO  o.s.jmx.export.annotation.AnnotationMBeanExporter - Bean with name 'configurationPropertiesRebinder' has been autodetected for JMX exposure
2020-12-03 16:08:21.898 [main] INFO  o.s.jmx.export.annotation.AnnotationMBeanExporter - Bean with name 'environmentManager' has been autodetected for JMX exposure
2020-12-03 16:08:21.902 [main] INFO  o.s.jmx.export.annotation.AnnotationMBeanExporter - Located managed bean 'environmentManager': registering with JMX server as MBean [org.springframework.cloud.context.environment:name=environmentManager,type=EnvironmentManager]
2020-12-03 16:08:21.913 [main] INFO  o.s.jmx.export.annotation.AnnotationMBeanExporter - Located managed bean 'refreshScope': registering with JMX server as MBean [org.springframework.cloud.context.scope.refresh:name=refreshScope,type=RefreshScope]
2020-12-03 16:08:21.925 [main] INFO  o.s.jmx.export.annotation.AnnotationMBeanExporter - Located managed bean 'configurationPropertiesRebinder': registering with JMX server as MBean [org.springframework.cloud.context.properties:name=configurationPropertiesRebinder,context=25e2ab5a,type=ConfigurationPropertiesRebinder]
2020-12-03 16:08:21.931 [main] INFO  o.s.jmx.export.annotation.AnnotationMBeanExporter - Located MBean 'dataSource': registering with JMX server as MBean [com.alibaba.druid.pool:name=dataSource,type=DruidDataSource]
2020-12-03 16:08:21.939 [main] INFO  o.s.context.support.DefaultLifecycleProcessor - Starting beans in phase 0
2020-12-03 16:08:21.949 [main] INFO  o.s.cloud.netflix.eureka.InstanceInfoFactory - Setting initial instance status as: STARTING
2020-12-03 16:08:21.990 [main] INFO  com.netflix.discovery.DiscoveryClient - Initializing Eureka in region us-east-1
2020-12-03 16:08:22.201 [main] INFO  c.n.discovery.provider.DiscoveryJerseyProvider - Using JSON encoding codec LegacyJacksonJson
2020-12-03 16:08:22.202 [main] INFO  c.n.discovery.provider.DiscoveryJerseyProvider - Using JSON decoding codec LegacyJacksonJson
2020-12-03 16:08:22.585 [main] INFO  c.n.discovery.provider.DiscoveryJerseyProvider - Using XML encoding codec XStreamXml
2020-12-03 16:08:22.585 [main] INFO  c.n.discovery.provider.DiscoveryJerseyProvider - Using XML decoding codec XStreamXml
2020-12-03 16:08:23.003 [main] INFO  c.n.d.shared.resolver.aws.ConfigClusterResolver - Resolving eureka endpoints via configuration
2020-12-03 16:08:23.728 [main] INFO  com.netflix.discovery.DiscoveryClient - Disable delta property : false
2020-12-03 16:08:23.728 [main] INFO  com.netflix.discovery.DiscoveryClient - Single vip registry refresh property : null
2020-12-03 16:08:23.729 [main] INFO  com.netflix.discovery.DiscoveryClient - Force full registry fetch : false
2020-12-03 16:08:23.729 [main] INFO  com.netflix.discovery.DiscoveryClient - Application is null : false
2020-12-03 16:08:23.729 [main] INFO  com.netflix.discovery.DiscoveryClient - Registered Applications size is zero : true
2020-12-03 16:08:23.729 [main] INFO  com.netflix.discovery.DiscoveryClient - Application version is -1: true
2020-12-03 16:08:23.729 [main] INFO  com.netflix.discovery.DiscoveryClient - Getting all instance registry info from the eureka server
2020-12-03 16:08:24.210 [main] INFO  com.netflix.discovery.DiscoveryClient - The response status is 200
2020-12-03 16:08:24.212 [main] INFO  com.netflix.discovery.DiscoveryClient - Starting heartbeat executor: renew interval is: 30
2020-12-03 16:08:24.215 [main] INFO  com.netflix.discovery.InstanceInfoReplicator - InstanceInfoReplicator onDemand update allowed rate per min is 4
2020-12-03 16:08:24.219 [main] INFO  com.netflix.discovery.DiscoveryClient - Discovery Client initialized at timestamp 1606982904218 with initial instances count: 0
2020-12-03 16:08:24.286 [main] INFO  o.s.c.n.e.serviceregistry.EurekaServiceRegistry - Registering application common-service with eureka with status UP
2020-12-03 16:08:24.289 [main] INFO  com.netflix.discovery.DiscoveryClient - Saw local status change event StatusChangeEvent [timestamp=1606982904289, current=UP, previous=STARTING]
2020-12-03 16:08:24.291 [DiscoveryClient-InstanceInfoReplicator-0] INFO  com.netflix.discovery.DiscoveryClient - DiscoveryClient_COMMON-SERVICE/USER-20200915JS:common-service:9003: registering service...
2020-12-03 16:08:24.301 [main] INFO  o.s.context.support.DefaultLifecycleProcessor - Starting beans in phase 2147483647
2020-12-03 16:08:24.302 [main] INFO  s.d.s.web.plugins.DocumentationPluginsBootstrapper - Context refreshed
2020-12-03 16:08:24.434 [main] INFO  s.d.s.web.plugins.DocumentationPluginsBootstrapper - Found 1 custom documentation plugin(s)
2020-12-03 16:08:24.553 [main] INFO  s.d.spring.web.scanners.ApiListingReferenceScanner - Scanning for api listing references
2020-12-03 16:08:24.653 [DiscoveryClient-InstanceInfoReplicator-0] INFO  com.netflix.discovery.DiscoveryClient - DiscoveryClient_COMMON-SERVICE/USER-20200915JS:common-service:9003 - registration status: 204
2020-12-03 16:08:24.785 [main] INFO  org.apache.coyote.http11.Http11NioProtocol - Starting ProtocolHandler ["http-nio-9003"]
2020-12-03 16:08:24.796 [main] INFO  org.apache.tomcat.util.net.NioSelectorPool - Using a shared selector for servlet write/read
2020-12-03 16:08:24.813 [main] INFO  o.s.boot.web.embedded.tomcat.TomcatWebServer - Tomcat started on port(s): 9003 (http) with context path ''
2020-12-03 16:08:24.814 [main] INFO  o.s.c.n.e.s.EurekaAutoServiceRegistration - Updating port to 9003
2020-12-03 16:08:24.817 [main] INFO  com.ccty.service.common.CommonApplication - Started CommonApplication in 18.634 seconds (JVM running for 19.445)
2020-12-03 16:08:54.213 [DiscoveryClient-CacheRefreshExecutor-0] INFO  com.netflix.discovery.DiscoveryClient - Disable delta property : false
2020-12-03 16:08:54.213 [DiscoveryClient-CacheRefreshExecutor-0] INFO  com.netflix.discovery.DiscoveryClient - Single vip registry refresh property : null
2020-12-03 16:08:54.213 [DiscoveryClient-CacheRefreshExecutor-0] INFO  com.netflix.discovery.DiscoveryClient - Force full registry fetch : false
2020-12-03 16:08:54.213 [DiscoveryClient-CacheRefreshExecutor-0] INFO  com.netflix.discovery.DiscoveryClient - Application is null : false
2020-12-03 16:08:54.214 [DiscoveryClient-CacheRefreshExecutor-0] INFO  com.netflix.discovery.DiscoveryClient - Registered Applications size is zero : true
2020-12-03 16:08:54.214 [DiscoveryClient-CacheRefreshExecutor-0] INFO  com.netflix.discovery.DiscoveryClient - Application version is -1: false
2020-12-03 16:08:54.214 [DiscoveryClient-CacheRefreshExecutor-0] INFO  com.netflix.discovery.DiscoveryClient - Getting all instance registry info from the eureka server
2020-12-03 16:08:54.284 [DiscoveryClient-CacheRefreshExecutor-0] INFO  com.netflix.discovery.DiscoveryClient - The response status is 200
2020-12-03 16:11:42.775 [http-nio-9003-exec-1] INFO  o.a.c.core.ContainerBase.[Tomcat].[localhost].[/] - Initializing Spring FrameworkServlet 'dispatcherServlet'
2020-12-03 16:11:42.786 [http-nio-9003-exec-1] INFO  org.springframework.web.servlet.DispatcherServlet - FrameworkServlet 'dispatcherServlet': initialization started
2020-12-03 16:11:43.220 [http-nio-9003-exec-1] INFO  org.springframework.web.servlet.DispatcherServlet - FrameworkServlet 'dispatcherServlet': initialization completed in 433 ms
2020-12-03 16:12:02.271 [http-nio-9003-exec-2] INFO  com.alibaba.druid.pool.DruidDataSource - {dataSource-1} inited
2020-12-03 16:13:23.733 [AsyncResolver-bootstrap-executor-0] INFO  c.n.d.shared.resolver.aws.ConfigClusterResolver - Resolving eureka endpoints via configuration
2020-12-03 16:24:52.723 [main] INFO  c.u.j.c.EnableEncryptablePropertiesConfiguration - Bootstraping jasypt-string-boot auto configuration in context: application-1
2020-12-03 16:24:52.724 [main] INFO  com.ccty.service.common.CommonApplication - No active profile set, falling back to default profiles: default
2020-12-03 16:24:52.738 [main] INFO  o.s.b.w.s.c.AnnotationConfigServletWebServerApplicationContext - Refreshing org.springframework.boot.web.servlet.context.AnnotationConfigServletWebServerApplicationContext@3401a114: startup date [Thu Dec 03 16:24:52 CST 2020]; parent: org.springframework.context.annotation.AnnotationConfigApplicationContext@78691363
2020-12-03 16:24:53.710 [main] INFO  o.s.d.r.config.RepositoryConfigurationDelegate - Multiple Spring Data modules found, entering strict repository configuration mode!
2020-12-03 16:24:54.121 [main] INFO  o.springframework.cloud.context.scope.GenericScope - BeanFactory id=2e9edd29-9a99-309b-9274-ae1c50e44b43
2020-12-03 16:24:54.146 [main] INFO  c.u.j.c.EnableEncryptablePropertiesBeanFactoryPostProcessor - Post-processing PropertySource instances
2020-12-03 16:24:54.203 [main] INFO  c.u.j.EncryptablePropertySourceConverter - Converting PropertySource configurationProperties [org.springframework.boot.context.properties.source.ConfigurationPropertySourcesPropertySource] to AOP Proxy
2020-12-03 16:24:54.203 [main] INFO  c.u.j.EncryptablePropertySourceConverter - Converting PropertySource servletConfigInitParams [org.springframework.core.env.PropertySource$StubPropertySource] to EncryptablePropertySourceWrapper
2020-12-03 16:24:54.204 [main] INFO  c.u.j.EncryptablePropertySourceConverter - Converting PropertySource servletContextInitParams [org.springframework.core.env.PropertySource$StubPropertySource] to EncryptablePropertySourceWrapper
2020-12-03 16:24:54.204 [main] INFO  c.u.j.EncryptablePropertySourceConverter - Converting PropertySource systemProperties [org.springframework.core.env.MapPropertySource] to EncryptableMapPropertySourceWrapper
2020-12-03 16:24:54.204 [main] INFO  c.u.j.EncryptablePropertySourceConverter - Converting PropertySource systemEnvironment [org.springframework.boot.env.SystemEnvironmentPropertySourceEnvironmentPostProcessor$OriginAwareSystemEnvironmentPropertySource] to EncryptableMapPropertySourceWrapper
2020-12-03 16:24:54.204 [main] INFO  c.u.j.EncryptablePropertySourceConverter - Converting PropertySource random [org.springframework.boot.env.RandomValuePropertySource] to EncryptablePropertySourceWrapper
2020-12-03 16:24:54.204 [main] INFO  c.u.j.EncryptablePropertySourceConverter - Converting PropertySource applicationConfig: [classpath:/application.yml] [org.springframework.boot.env.OriginTrackedMapPropertySource] to EncryptableMapPropertySourceWrapper
2020-12-03 16:24:54.205 [main] INFO  c.u.j.EncryptablePropertySourceConverter - Converting PropertySource springCloudClientHostInfo [org.springframework.core.env.MapPropertySource] to EncryptableMapPropertySourceWrapper
2020-12-03 16:24:54.206 [main] INFO  c.u.j.EncryptablePropertySourceConverter - Converting PropertySource defaultProperties [org.springframework.core.env.MapPropertySource] to EncryptableMapPropertySourceWrapper
2020-12-03 16:24:54.222 [main] INFO  o.s.b.f.a.AutowiredAnnotationBeanPostProcessor - JSR-330 'javax.inject.Inject' annotation found and supported for autowiring
2020-12-03 16:24:54.276 [main] INFO  c.u.j.filter.DefaultLazyPropertyFilter - Property Filter custom Bean not found with name 'encryptablePropertyFilter'. Initializing Default Property Filter
2020-12-03 16:24:54.443 [main] INFO  o.s.c.s.PostProcessorRegistrationDelegate$BeanPostProcessorChecker - Bean 'org.springframework.transaction.annotation.ProxyTransactionManagementConfiguration' of type [org.springframework.transaction.annotation.ProxyTransactionManagementConfiguration$$EnhancerBySpringCGLIB$$156b451e] is not eligible for getting processed by all BeanPostProcessors (for example: not eligible for auto-proxying)
2020-12-03 16:24:54.515 [main] INFO  o.s.c.s.PostProcessorRegistrationDelegate$BeanPostProcessorChecker - Bean 'org.springframework.cloud.autoconfigure.ConfigurationPropertiesRebinderAutoConfiguration' of type [org.springframework.cloud.autoconfigure.ConfigurationPropertiesRebinderAutoConfiguration$$EnhancerBySpringCGLIB$$3185481b] is not eligible for getting processed by all BeanPostProcessors (for example: not eligible for auto-proxying)
2020-12-03 16:24:55.928 [main] INFO  o.s.boot.web.embedded.tomcat.TomcatWebServer - Tomcat initialized with port(s): 9003 (http)
2020-12-03 16:24:55.947 [main] INFO  org.apache.coyote.http11.Http11NioProtocol - Initializing ProtocolHandler ["http-nio-9003"]
2020-12-03 16:24:55.959 [main] INFO  org.apache.catalina.core.StandardService - Starting service [Tomcat]
2020-12-03 16:24:55.960 [main] INFO  org.apache.catalina.core.StandardEngine - Starting Servlet Engine: Apache Tomcat/8.5.34
2020-12-03 16:24:55.973 [localhost-startStop-1] INFO  org.apache.catalina.core.AprLifecycleListener - The APR based Apache Tomcat Native library which allows optimal performance in production environments was not found on the java.library.path: [C:\Program Files\Java\jdk1.8.0_151\bin;C:\Windows\Sun\Java\bin;C:\Windows\system32;C:\Windows;E:\app\Administrator\product\11.2.0\dbhome_1\bin;C:\ProgramData\Oracle\Java\javapath;C:\Windows\system32;C:\Windows;C:\Windows\System32\Wbem;C:\Windows\System32\WindowsPowerShell\v1.0\;C:\Windows\System32\OpenSSH\;D:\Program Files\nodejs\;C:\Program Files\Java\jdk1.8.0_151\bin;C:\Program Files\Java\jdk1.8.0_151\jre\bin;E:\tool\apache-maven-3.6.2\bin;C:\Users\Administrator\AppData\Local\Microsoft\WindowsApps;D:\Program Files\nodejs\node_global\;;C:\Users\Administrator\AppData\Local\Programs\Microsoft VS Code\bin;.]
2020-12-03 16:24:56.143 [localhost-startStop-1] INFO  o.a.c.core.ContainerBase.[Tomcat].[localhost].[/] - Initializing Spring embedded WebApplicationContext
2020-12-03 16:24:56.144 [localhost-startStop-1] INFO  org.springframework.web.context.ContextLoader - Root WebApplicationContext: initialization completed in 3406 ms
2020-12-03 16:24:56.234 [localhost-startStop-1] INFO  o.s.boot.web.servlet.ServletRegistrationBean - Servlet dispatcherServlet mapped to [/]
2020-12-03 16:24:56.239 [localhost-startStop-1] INFO  o.s.boot.web.servlet.FilterRegistrationBean - Mapping filter: 'characterEncodingFilter' to: [/*]
2020-12-03 16:24:56.239 [localhost-startStop-1] INFO  o.s.boot.web.servlet.FilterRegistrationBean - Mapping filter: 'hiddenHttpMethodFilter' to: [/*]
2020-12-03 16:24:56.239 [localhost-startStop-1] INFO  o.s.boot.web.servlet.FilterRegistrationBean - Mapping filter: 'httpPutFormContentFilter' to: [/*]
2020-12-03 16:24:56.240 [localhost-startStop-1] INFO  o.s.boot.web.servlet.FilterRegistrationBean - Mapping filter: 'requestContextFilter' to: [/*]
2020-12-03 16:24:56.284 [main] INFO  c.u.j.resolver.DefaultLazyPropertyResolver - Property Resolver custom Bean not found with name 'encryptablePropertyResolver'. Initializing Default Property Resolver
2020-12-03 16:24:56.287 [main] INFO  c.u.j.detector.DefaultLazyPropertyDetector - Property Detector custom Bean not found with name 'encryptablePropertyDetector'. Initializing Default Property Detector
2020-12-03 16:24:56.297 [main] INFO  c.u.j.encryptor.DefaultLazyEncryptor - String Encryptor custom Bean not found with name 'jasyptStringEncryptor'. Initializing Default String Encryptor
2020-12-03 16:24:56.309 [main] INFO  c.u.j.encryptor.DefaultLazyEncryptor - Encryptor config not found for property jasypt.encryptor.algorithm, using default value: PBEWithMD5AndDES
2020-12-03 16:24:56.310 [main] INFO  c.u.j.encryptor.DefaultLazyEncryptor - Encryptor config not found for property jasypt.encryptor.keyObtentionIterations, using default value: 1000
2020-12-03 16:24:56.310 [main] INFO  c.u.j.encryptor.DefaultLazyEncryptor - Encryptor config not found for property jasypt.encryptor.poolSize, using default value: 1
2020-12-03 16:24:56.310 [main] INFO  c.u.j.encryptor.DefaultLazyEncryptor - Encryptor config not found for property jasypt.encryptor.providerName, using default value: null
2020-12-03 16:24:56.310 [main] INFO  c.u.j.encryptor.DefaultLazyEncryptor - Encryptor config not found for property jasypt.encryptor.providerClassName, using default value: null
2020-12-03 16:24:56.310 [main] INFO  c.u.j.encryptor.DefaultLazyEncryptor - Encryptor config not found for property jasypt.encryptor.saltGeneratorClassname, using default value: org.jasypt.salt.RandomSaltGenerator
2020-12-03 16:24:56.311 [main] INFO  c.u.j.encryptor.DefaultLazyEncryptor - Encryptor config not found for property jasypt.encryptor.stringOutputType, using default value: base64
2020-12-03 16:24:58.275 [main] INFO  o.s.w.s.m.m.a.RequestMappingHandlerMapping - Mapped "{[/common/getUserInfo],methods=[POST]}" onto public com.ccty.service.common.common.CommonResponse com.ccty.service.common.controller.UserController.getUserInfo(com.ccty.service.common.util.PageRequest)
2020-12-03 16:24:58.277 [main] INFO  o.s.w.s.m.m.a.RequestMappingHandlerMapping - Mapped "{[/common/saveSysUser],methods=[POST]}" onto public com.ccty.service.common.common.CommonResponse com.ccty.service.common.controller.UserController.saveSysUser(com.ccty.service.common.entity.SysUser)
2020-12-03 16:24:58.277 [main] INFO  o.s.w.s.m.m.a.RequestMappingHandlerMapping - Mapped "{[/common/findUsers],methods=[POST]}" onto public com.ccty.service.common.common.CommonResponse com.ccty.service.common.controller.UserController.findUsers(com.ccty.service.common.entity.SysUser)
2020-12-03 16:24:58.278 [main] INFO  o.s.w.s.m.m.a.RequestMappingHandlerMapping - Mapped "{[/common/findUserById],methods=[GET]}" onto public com.ccty.service.common.common.CommonResponse com.ccty.service.common.controller.UserController.qryUserById()
2020-12-03 16:24:58.282 [main] INFO  o.s.w.s.m.m.a.RequestMappingHandlerMapping - Mapped "{[/swagger-resources/configuration/ui]}" onto public org.springframework.http.ResponseEntity<springfox.documentation.swagger.web.UiConfiguration> springfox.documentation.swagger.web.ApiResourceController.uiConfiguration()
2020-12-03 16:24:58.283 [main] INFO  o.s.w.s.m.m.a.RequestMappingHandlerMapping - Mapped "{[/swagger-resources]}" onto public org.springframework.http.ResponseEntity<java.util.List<springfox.documentation.swagger.web.SwaggerResource>> springfox.documentation.swagger.web.ApiResourceController.swaggerResources()
2020-12-03 16:24:58.284 [main] INFO  o.s.w.s.m.m.a.RequestMappingHandlerMapping - Mapped "{[/swagger-resources/configuration/security]}" onto public org.springframework.http.ResponseEntity<springfox.documentation.swagger.web.SecurityConfiguration> springfox.documentation.swagger.web.ApiResourceController.securityConfiguration()
2020-12-03 16:24:58.287 [main] INFO  o.s.w.s.m.m.a.RequestMappingHandlerMapping - Mapped "{[/error]}" onto public org.springframework.http.ResponseEntity<java.util.Map<java.lang.String, java.lang.Object>> org.springframework.boot.autoconfigure.web.servlet.error.BasicErrorController.error(javax.servlet.http.HttpServletRequest)
2020-12-03 16:24:58.288 [main] INFO  o.s.w.s.m.m.a.RequestMappingHandlerMapping - Mapped "{[/error],produces=[text/html]}" onto public org.springframework.web.servlet.ModelAndView org.springframework.boot.autoconfigure.web.servlet.error.BasicErrorController.errorHtml(javax.servlet.http.HttpServletRequest,javax.servlet.http.HttpServletResponse)
2020-12-03 16:24:58.458 [main] INFO  s.d.s.w.PropertySourcedRequestMappingHandlerMapping - Mapped URL path [/v2/api-docs] onto method [public org.springframework.http.ResponseEntity<springfox.documentation.spring.web.json.Json> springfox.documentation.swagger2.web.Swagger2Controller.getDocumentation(java.lang.String,javax.servlet.http.HttpServletRequest)]
2020-12-03 16:24:58.505 [main] WARN  com.netflix.config.sources.URLConfigurationSource - No URLs will be polled as dynamic configuration sources.
2020-12-03 16:24:58.505 [main] INFO  com.netflix.config.sources.URLConfigurationSource - To enable URLs as dynamic configuration sources, define System property archaius.configurationSource.additionalUrls or make config.properties available on classpath.
2020-12-03 16:24:58.515 [main] WARN  com.netflix.config.sources.URLConfigurationSource - No URLs will be polled as dynamic configuration sources.
2020-12-03 16:24:58.515 [main] INFO  com.netflix.config.sources.URLConfigurationSource - To enable URLs as dynamic configuration sources, define System property archaius.configurationSource.additionalUrls or make config.properties available on classpath.
2020-12-03 16:24:58.626 [main] INFO  o.s.web.servlet.handler.SimpleUrlHandlerMapping - Mapped URL path [/**/favicon.ico] onto handler of type [class org.springframework.web.servlet.resource.ResourceHttpRequestHandler]
2020-12-03 16:24:59.196 [main] INFO  o.s.w.s.m.m.a.RequestMappingHandlerAdapter - Looking for @ControllerAdvice: org.springframework.boot.web.servlet.context.AnnotationConfigServletWebServerApplicationContext@3401a114: startup date [Thu Dec 03 16:24:52 CST 2020]; parent: org.springframework.context.annotation.AnnotationConfigApplicationContext@78691363
2020-12-03 16:24:59.265 [main] INFO  o.s.web.servlet.handler.SimpleUrlHandlerMapping - Mapped URL path [/webjars/**] onto handler of type [class org.springframework.web.servlet.resource.ResourceHttpRequestHandler]
2020-12-03 16:24:59.265 [main] INFO  o.s.web.servlet.handler.SimpleUrlHandlerMapping - Mapped URL path [/**] onto handler of type [class org.springframework.web.servlet.resource.ResourceHttpRequestHandler]
2020-12-03 16:24:59.283 [main] INFO  o.s.w.s.m.m.a.ExceptionHandlerExceptionResolver - Detected @ExceptionHandler methods in apiExceptionAdvice
2020-12-03 16:25:03.557 [main] INFO  o.s.jmx.export.annotation.AnnotationMBeanExporter - Registering beans for JMX exposure on startup
2020-12-03 16:25:03.559 [main] INFO  o.s.jmx.export.annotation.AnnotationMBeanExporter - Bean with name 'dataSource' has been autodetected for JMX exposure
2020-12-03 16:25:03.566 [main] INFO  o.s.jmx.export.annotation.AnnotationMBeanExporter - Bean with name 'refreshScope' has been autodetected for JMX exposure
2020-12-03 16:25:03.568 [main] INFO  o.s.jmx.export.annotation.AnnotationMBeanExporter - Bean with name 'configurationPropertiesRebinder' has been autodetected for JMX exposure
2020-12-03 16:25:03.568 [main] INFO  o.s.jmx.export.annotation.AnnotationMBeanExporter - Bean with name 'environmentManager' has been autodetected for JMX exposure
2020-12-03 16:25:03.572 [main] INFO  o.s.jmx.export.annotation.AnnotationMBeanExporter - Located managed bean 'environmentManager': registering with JMX server as MBean [org.springframework.cloud.context.environment:name=environmentManager,type=EnvironmentManager]
2020-12-03 16:25:03.587 [main] INFO  o.s.jmx.export.annotation.AnnotationMBeanExporter - Located managed bean 'refreshScope': registering with JMX server as MBean [org.springframework.cloud.context.scope.refresh:name=refreshScope,type=RefreshScope]
2020-12-03 16:25:03.600 [main] INFO  o.s.jmx.export.annotation.AnnotationMBeanExporter - Located managed bean 'configurationPropertiesRebinder': registering with JMX server as MBean [org.springframework.cloud.context.properties:name=configurationPropertiesRebinder,context=3401a114,type=ConfigurationPropertiesRebinder]
2020-12-03 16:25:03.608 [main] INFO  o.s.jmx.export.annotation.AnnotationMBeanExporter - Located MBean 'dataSource': registering with JMX server as MBean [com.alibaba.druid.pool:name=dataSource,type=DruidDataSource]
2020-12-03 16:25:03.621 [main] INFO  o.s.context.support.DefaultLifecycleProcessor - Starting beans in phase 0
2020-12-03 16:25:03.633 [main] INFO  o.s.cloud.netflix.eureka.InstanceInfoFactory - Setting initial instance status as: STARTING
2020-12-03 16:25:03.680 [main] INFO  com.netflix.discovery.DiscoveryClient - Initializing Eureka in region us-east-1
2020-12-03 16:25:03.849 [main] INFO  c.n.discovery.provider.DiscoveryJerseyProvider - Using JSON encoding codec LegacyJacksonJson
2020-12-03 16:25:03.849 [main] INFO  c.n.discovery.provider.DiscoveryJerseyProvider - Using JSON decoding codec LegacyJacksonJson
2020-12-03 16:25:04.245 [main] INFO  c.n.discovery.provider.DiscoveryJerseyProvider - Using XML encoding codec XStreamXml
2020-12-03 16:25:04.245 [main] INFO  c.n.discovery.provider.DiscoveryJerseyProvider - Using XML decoding codec XStreamXml
2020-12-03 16:25:04.545 [main] INFO  c.n.d.shared.resolver.aws.ConfigClusterResolver - Resolving eureka endpoints via configuration
2020-12-03 16:25:05.347 [main] INFO  com.netflix.discovery.DiscoveryClient - Disable delta property : false
2020-12-03 16:25:05.348 [main] INFO  com.netflix.discovery.DiscoveryClient - Single vip registry refresh property : null
2020-12-03 16:25:05.348 [main] INFO  com.netflix.discovery.DiscoveryClient - Force full registry fetch : false
2020-12-03 16:25:05.349 [main] INFO  com.netflix.discovery.DiscoveryClient - Application is null : false
2020-12-03 16:25:05.349 [main] INFO  com.netflix.discovery.DiscoveryClient - Registered Applications size is zero : true
2020-12-03 16:25:05.349 [main] INFO  com.netflix.discovery.DiscoveryClient - Application version is -1: true
2020-12-03 16:25:05.349 [main] INFO  com.netflix.discovery.DiscoveryClient - Getting all instance registry info from the eureka server
2020-12-03 16:25:05.605 [main] INFO  com.netflix.discovery.DiscoveryClient - The response status is 200
2020-12-03 16:25:05.609 [main] INFO  com.netflix.discovery.DiscoveryClient - Starting heartbeat executor: renew interval is: 30
2020-12-03 16:25:05.612 [main] INFO  com.netflix.discovery.InstanceInfoReplicator - InstanceInfoReplicator onDemand update allowed rate per min is 4
2020-12-03 16:25:05.616 [main] INFO  com.netflix.discovery.DiscoveryClient - Discovery Client initialized at timestamp 1606983905615 with initial instances count: 2
2020-12-03 16:25:05.621 [main] INFO  o.s.c.n.e.serviceregistry.EurekaServiceRegistry - Registering application common-service with eureka with status UP
2020-12-03 16:25:05.621 [main] INFO  com.netflix.discovery.DiscoveryClient - Saw local status change event StatusChangeEvent [timestamp=1606983905621, current=UP, previous=STARTING]
2020-12-03 16:25:05.623 [DiscoveryClient-InstanceInfoReplicator-0] INFO  com.netflix.discovery.DiscoveryClient - DiscoveryClient_COMMON-SERVICE/USER-20200915JS:common-service:9003: registering service...
2020-12-03 16:25:05.625 [main] INFO  o.s.context.support.DefaultLifecycleProcessor - Starting beans in phase 2147483647
2020-12-03 16:25:05.626 [main] INFO  s.d.s.web.plugins.DocumentationPluginsBootstrapper - Context refreshed
2020-12-03 16:25:05.674 [DiscoveryClient-InstanceInfoReplicator-0] INFO  com.netflix.discovery.DiscoveryClient - DiscoveryClient_COMMON-SERVICE/USER-20200915JS:common-service:9003 - registration status: 204
2020-12-03 16:25:05.681 [main] INFO  s.d.s.web.plugins.DocumentationPluginsBootstrapper - Found 1 custom documentation plugin(s)
2020-12-03 16:25:05.725 [main] INFO  s.d.spring.web.scanners.ApiListingReferenceScanner - Scanning for api listing references
2020-12-03 16:25:06.091 [main] INFO  org.apache.coyote.http11.Http11NioProtocol - Starting ProtocolHandler ["http-nio-9003"]
2020-12-03 16:25:06.106 [main] INFO  org.apache.tomcat.util.net.NioSelectorPool - Using a shared selector for servlet write/read
2020-12-03 16:25:06.127 [main] INFO  o.s.boot.web.embedded.tomcat.TomcatWebServer - Tomcat started on port(s): 9003 (http) with context path ''
2020-12-03 16:25:06.129 [main] INFO  o.s.c.n.e.s.EurekaAutoServiceRegistration - Updating port to 9003
2020-12-03 16:25:06.135 [main] INFO  com.ccty.service.common.CommonApplication - Started CommonApplication in 18.075 seconds (JVM running for 18.833)
2020-12-03 16:30:05.353 [AsyncResolver-bootstrap-executor-0] INFO  c.n.d.shared.resolver.aws.ConfigClusterResolver - Resolving eureka endpoints via configuration
2020-12-03 16:35:05.355 [AsyncResolver-bootstrap-executor-0] INFO  c.n.d.shared.resolver.aws.ConfigClusterResolver - Resolving eureka endpoints via configuration
2020-12-03 16:40:05.356 [AsyncResolver-bootstrap-executor-0] INFO  c.n.d.shared.resolver.aws.ConfigClusterResolver - Resolving eureka endpoints via configuration
2020-12-03 16:45:05.358 [AsyncResolver-bootstrap-executor-0] INFO  c.n.d.shared.resolver.aws.ConfigClusterResolver - Resolving eureka endpoints via configuration
2020-12-03 16:50:05.359 [AsyncResolver-bootstrap-executor-0] INFO  c.n.d.shared.resolver.aws.ConfigClusterResolver - Resolving eureka endpoints via configuration
2020-12-03 16:55:05.361 [AsyncResolver-bootstrap-executor-0] INFO  c.n.d.shared.resolver.aws.ConfigClusterResolver - Resolving eureka endpoints via configuration
2020-12-03 17:00:05.362 [AsyncResolver-bootstrap-executor-0] INFO  c.n.d.shared.resolver.aws.ConfigClusterResolver - Resolving eureka endpoints via configuration
2020-12-03 17:05:05.364 [AsyncResolver-bootstrap-executor-0] INFO  c.n.d.shared.resolver.aws.ConfigClusterResolver - Resolving eureka endpoints via configuration
2020-12-03 17:13:50.304 [AsyncResolver-bootstrap-executor-0] INFO  c.n.d.shared.resolver.aws.ConfigClusterResolver - Resolving eureka endpoints via configuration
2020-12-03 17:18:50.306 [AsyncResolver-bootstrap-executor-0] INFO  c.n.d.shared.resolver.aws.ConfigClusterResolver - Resolving eureka endpoints via configuration
2020-12-03 17:23:50.307 [AsyncResolver-bootstrap-executor-0] INFO  c.n.d.shared.resolver.aws.ConfigClusterResolver - Resolving eureka endpoints via configuration
2020-12-03 17:28:50.308 [AsyncResolver-bootstrap-executor-0] INFO  c.n.d.shared.resolver.aws.ConfigClusterResolver - Resolving eureka endpoints via configuration
2020-12-03 17:33:50.309 [AsyncResolver-bootstrap-executor-0] INFO  c.n.d.shared.resolver.aws.ConfigClusterResolver - Resolving eureka endpoints via configuration
2020-12-03 17:38:50.312 [AsyncResolver-bootstrap-executor-0] INFO  c.n.d.shared.resolver.aws.ConfigClusterResolver - Resolving eureka endpoints via configuration
