2020-12-27 23:51:44.123 [main] INFO  o.s.c.c.client.ConfigServicePropertySourceLocator - Fetching config from server at : http://localhost:8888
2020-12-27 23:51:46.286 [main] INFO  o.s.c.c.client.ConfigServicePropertySourceLocator - Connect Timeout Exception on Url - http://localhost:8888. Will be trying the next url if available
2020-12-27 23:51:46.287 [main] WARN  o.s.c.c.client.ConfigServicePropertySourceLocator - Could not locate PropertySource: I/O error on GET request for "http://localhost:8888/order-service/default": Connection refused: connect; nested exception is java.net.ConnectException: Connection refused: connect
2020-12-27 23:51:46.290 [main] INFO  c.u.j.c.EnableEncryptablePropertiesConfiguration - Bootstraping jasypt-string-boot auto configuration in context: application-1
2020-12-27 23:51:46.291 [main] INFO  com.ccty.service.order.OrderApplication - No active profile set, falling back to default profiles: default
2020-12-27 23:51:46.312 [main] INFO  o.s.b.w.s.c.AnnotationConfigServletWebServerApplicationContext - Refreshing org.springframework.boot.web.servlet.context.AnnotationConfigServletWebServerApplicationContext@a5bd950: startup date [Sun Dec 27 23:51:46 CST 2020]; parent: org.springframework.context.annotation.AnnotationConfigApplicationContext@24aed80c
2020-12-27 23:51:47.858 [main] INFO  o.s.d.r.config.RepositoryConfigurationDelegate - Multiple Spring Data modules found, entering strict repository configuration mode!
2020-12-27 23:51:48.568 [main] WARN  org.mybatis.spring.mapper.ClassPathMapperScanner - No MyBatis mapper was found in '[com.ccty.service.order]' package. Please check your configuration.
2020-12-27 23:51:49.520 [main] INFO  o.springframework.cloud.context.scope.GenericScope - BeanFactory id=2764a799-7a3f-3aab-b2c3-bca1ec517f48
2020-12-27 23:51:49.531 [main] INFO  c.u.j.c.EnableEncryptablePropertiesBeanFactoryPostProcessor - Post-processing PropertySource instances
2020-12-27 23:51:49.574 [main] INFO  c.u.j.EncryptablePropertySourceConverter - Converting PropertySource configurationProperties [org.springframework.boot.context.properties.source.ConfigurationPropertySourcesPropertySource] to AOP Proxy
2020-12-27 23:51:49.575 [main] INFO  c.u.j.EncryptablePropertySourceConverter - Converting PropertySource servletConfigInitParams [org.springframework.core.env.PropertySource$StubPropertySource] to EncryptablePropertySourceWrapper
2020-12-27 23:51:49.576 [main] INFO  c.u.j.EncryptablePropertySourceConverter - Converting PropertySource servletContextInitParams [org.springframework.core.env.PropertySource$StubPropertySource] to EncryptablePropertySourceWrapper
2020-12-27 23:51:49.576 [main] INFO  c.u.j.EncryptablePropertySourceConverter - Converting PropertySource systemProperties [org.springframework.core.env.MapPropertySource] to EncryptableMapPropertySourceWrapper
2020-12-27 23:51:49.576 [main] INFO  c.u.j.EncryptablePropertySourceConverter - Converting PropertySource systemEnvironment [org.springframework.boot.env.SystemEnvironmentPropertySourceEnvironmentPostProcessor$OriginAwareSystemEnvironmentPropertySource] to EncryptableMapPropertySourceWrapper
2020-12-27 23:51:49.576 [main] INFO  c.u.j.EncryptablePropertySourceConverter - Converting PropertySource random [org.springframework.boot.env.RandomValuePropertySource] to EncryptablePropertySourceWrapper
2020-12-27 23:51:49.577 [main] INFO  c.u.j.EncryptablePropertySourceConverter - Converting PropertySource applicationConfig: [classpath:/application.yml] [org.springframework.boot.env.OriginTrackedMapPropertySource] to EncryptableMapPropertySourceWrapper
2020-12-27 23:51:49.578 [main] INFO  c.u.j.EncryptablePropertySourceConverter - Converting PropertySource springCloudClientHostInfo [org.springframework.core.env.MapPropertySource] to EncryptableMapPropertySourceWrapper
2020-12-27 23:51:49.578 [main] INFO  c.u.j.EncryptablePropertySourceConverter - Converting PropertySource defaultProperties [org.springframework.core.env.MapPropertySource] to EncryptableMapPropertySourceWrapper
2020-12-27 23:51:49.591 [main] INFO  o.s.b.f.a.AutowiredAnnotationBeanPostProcessor - JSR-330 'javax.inject.Inject' annotation found and supported for autowiring
2020-12-27 23:51:49.635 [main] INFO  c.u.j.filter.DefaultLazyPropertyFilter - Property Filter custom Bean not found with name 'encryptablePropertyFilter'. Initializing Default Property Filter
2020-12-27 23:51:49.825 [main] INFO  o.s.c.s.PostProcessorRegistrationDelegate$BeanPostProcessorChecker - Bean 'org.springframework.transaction.annotation.ProxyTransactionManagementConfiguration' of type [org.springframework.transaction.annotation.ProxyTransactionManagementConfiguration$$EnhancerBySpringCGLIB$$585ab303] is not eligible for getting processed by all BeanPostProcessors (for example: not eligible for auto-proxying)
2020-12-27 23:51:50.111 [main] INFO  o.s.c.s.PostProcessorRegistrationDelegate$BeanPostProcessorChecker - Bean 'org.springframework.cloud.autoconfigure.ConfigurationPropertiesRebinderAutoConfiguration' of type [org.springframework.cloud.autoconfigure.ConfigurationPropertiesRebinderAutoConfiguration$$EnhancerBySpringCGLIB$$7474b600] is not eligible for getting processed by all BeanPostProcessors (for example: not eligible for auto-proxying)
2020-12-27 23:51:51.591 [main] INFO  o.s.boot.web.embedded.tomcat.TomcatWebServer - Tomcat initialized with port(s): 9002 (http)
2020-12-27 23:51:51.612 [main] INFO  org.apache.coyote.http11.Http11NioProtocol - Initializing ProtocolHandler ["http-nio-9002"]
2020-12-27 23:51:51.631 [main] INFO  org.apache.catalina.core.StandardService - Starting service [Tomcat]
2020-12-27 23:51:51.631 [main] INFO  org.apache.catalina.core.StandardEngine - Starting Servlet Engine: Apache Tomcat/8.5.32
2020-12-27 23:51:51.647 [localhost-startStop-1] INFO  org.apache.catalina.core.AprLifecycleListener - The APR based Apache Tomcat Native library which allows optimal performance in production environments was not found on the java.library.path: [C:\Program Files\Java\jdk1.8.0_151\bin;C:\Windows\Sun\Java\bin;C:\Windows\system32;C:\Windows;E:\app\Administrator\product\11.2.0\dbhome_1\bin;C:\ProgramData\Oracle\Java\javapath;C:\Windows\system32;C:\Windows;C:\Windows\System32\Wbem;C:\Windows\System32\WindowsPowerShell\v1.0\;C:\Windows\System32\OpenSSH\;D:\Program Files\nodejs\;C:\Program Files\Java\jdk1.8.0_151\bin;C:\Program Files\Java\jdk1.8.0_151\jre\bin;E:\tool\apache-maven-3.6.2\bin;C:\Users\Administrator\AppData\Local\Microsoft\WindowsApps;D:\Program Files\nodejs\node_global\;;C:\Users\Administrator\AppData\Local\Programs\Microsoft VS Code\bin;.]
2020-12-27 23:51:51.902 [localhost-startStop-1] INFO  o.a.c.core.ContainerBase.[Tomcat].[localhost].[/] - Initializing Spring embedded WebApplicationContext
2020-12-27 23:51:51.902 [localhost-startStop-1] INFO  org.springframework.web.context.ContextLoader - Root WebApplicationContext: initialization completed in 5591 ms
2020-12-27 23:51:52.251 [localhost-startStop-1] WARN  com.netflix.config.sources.URLConfigurationSource - No URLs will be polled as dynamic configuration sources.
2020-12-27 23:51:52.251 [localhost-startStop-1] INFO  com.netflix.config.sources.URLConfigurationSource - To enable URLs as dynamic configuration sources, define System property archaius.configurationSource.additionalUrls or make config.properties available on classpath.
2020-12-27 23:51:52.276 [localhost-startStop-1] INFO  com.netflix.config.DynamicPropertyFactory - DynamicPropertyFactory is initialized with configuration sources: com.netflix.config.ConcurrentCompositeConfiguration@1dd182ba
2020-12-27 23:51:52.584 [localhost-startStop-1] INFO  c.u.j.resolver.DefaultLazyPropertyResolver - Property Resolver custom Bean not found with name 'encryptablePropertyResolver'. Initializing Default Property Resolver
2020-12-27 23:51:52.589 [localhost-startStop-1] INFO  c.u.j.detector.DefaultLazyPropertyDetector - Property Detector custom Bean not found with name 'encryptablePropertyDetector'. Initializing Default Property Detector
2020-12-27 23:51:58.082 [localhost-startStop-1] INFO  o.s.boot.web.servlet.FilterRegistrationBean - Mapping filter: 'characterEncodingFilter' to: [/*]
2020-12-27 23:51:58.083 [localhost-startStop-1] INFO  o.s.boot.web.servlet.FilterRegistrationBean - Mapping filter: 'webMvcMetricsFilter' to: [/*]
2020-12-27 23:51:58.083 [localhost-startStop-1] INFO  o.s.boot.web.servlet.FilterRegistrationBean - Mapping filter: 'hiddenHttpMethodFilter' to: [/*]
2020-12-27 23:51:58.084 [localhost-startStop-1] INFO  o.s.boot.web.servlet.FilterRegistrationBean - Mapping filter: 'httpPutFormContentFilter' to: [/*]
2020-12-27 23:51:58.084 [localhost-startStop-1] INFO  o.s.boot.web.servlet.FilterRegistrationBean - Mapping filter: 'requestContextFilter' to: [/*]
2020-12-27 23:51:58.084 [localhost-startStop-1] INFO  o.s.boot.web.servlet.FilterRegistrationBean - Mapping filter: 'httpTraceFilter' to: [/*]
2020-12-27 23:51:58.085 [localhost-startStop-1] INFO  o.s.boot.web.servlet.FilterRegistrationBean - Mapping filter: 'securityBasicAuthFilter' to: [/*]
2020-12-27 23:51:58.085 [localhost-startStop-1] INFO  o.s.boot.web.servlet.FilterRegistrationBean - Mapping filter: 'productionSecurityFilter' to: [/*]
2020-12-27 23:51:58.085 [localhost-startStop-1] INFO  o.s.boot.web.servlet.ServletRegistrationBean - Servlet dispatcherServlet mapped to [/]
2020-12-27 23:51:58.883 [main] INFO  o.s.w.s.m.m.a.RequestMappingHandlerMapping - Mapped "{[/order/a],methods=[GET]}" onto public java.lang.String com.ccty.service.order.controller.IndexController.getSouceA(java.lang.String)
2020-12-27 23:51:58.884 [main] INFO  o.s.w.s.m.m.a.RequestMappingHandlerMapping - Mapped "{[/order/b],methods=[GET]}" onto public java.lang.String com.ccty.service.order.controller.IndexController.getSouceB(java.lang.String)
2020-12-27 23:51:58.887 [main] INFO  o.s.w.s.m.m.a.RequestMappingHandlerMapping - Mapped "{[/swagger-resources/configuration/ui]}" onto public org.springframework.http.ResponseEntity<springfox.documentation.swagger.web.UiConfiguration> springfox.documentation.swagger.web.ApiResourceController.uiConfiguration()
2020-12-27 23:51:58.888 [main] INFO  o.s.w.s.m.m.a.RequestMappingHandlerMapping - Mapped "{[/swagger-resources]}" onto public org.springframework.http.ResponseEntity<java.util.List<springfox.documentation.swagger.web.SwaggerResource>> springfox.documentation.swagger.web.ApiResourceController.swaggerResources()
2020-12-27 23:51:58.889 [main] INFO  o.s.w.s.m.m.a.RequestMappingHandlerMapping - Mapped "{[/swagger-resources/configuration/security]}" onto public org.springframework.http.ResponseEntity<springfox.documentation.swagger.web.SecurityConfiguration> springfox.documentation.swagger.web.ApiResourceController.securityConfiguration()
2020-12-27 23:51:58.894 [main] INFO  o.s.w.s.m.m.a.RequestMappingHandlerMapping - Mapped "{[/v2/api-docs-ext],methods=[GET],produces=[application/json || application/hal+json]}" onto public org.springframework.http.ResponseEntity<springfox.documentation.spring.web.json.Json> com.github.xiaoymin.knife4j.spring.web.Knife4jController.apiSorts(java.lang.String,javax.servlet.http.HttpServletRequest)
2020-12-27 23:51:58.897 [main] INFO  o.s.w.s.m.m.a.RequestMappingHandlerMapping - Mapped "{[/error]}" onto public org.springframework.http.ResponseEntity<java.util.Map<java.lang.String, java.lang.Object>> org.springframework.boot.autoconfigure.web.servlet.error.BasicErrorController.error(javax.servlet.http.HttpServletRequest)
2020-12-27 23:51:58.898 [main] INFO  o.s.w.s.m.m.a.RequestMappingHandlerMapping - Mapped "{[/error],produces=[text/html]}" onto public org.springframework.web.servlet.ModelAndView org.springframework.boot.autoconfigure.web.servlet.error.BasicErrorController.errorHtml(javax.servlet.http.HttpServletRequest,javax.servlet.http.HttpServletResponse)
2020-12-27 23:51:59.016 [main] INFO  o.s.b.actuate.endpoint.web.EndpointLinksResolver - Exposing 2 endpoint(s) beneath base path '/actuator'
2020-12-27 23:51:59.034 [main] INFO  o.s.b.a.e.web.servlet.WebMvcEndpointHandlerMapping - Mapped "{[/actuator/health],methods=[GET],produces=[application/vnd.spring-boot.actuator.v2+json || application/json]}" onto public java.lang.Object org.springframework.boot.actuate.endpoint.web.servlet.AbstractWebMvcEndpointHandlerMapping$OperationHandler.handle(javax.servlet.http.HttpServletRequest,java.util.Map<java.lang.String, java.lang.String>)
2020-12-27 23:51:59.035 [main] INFO  o.s.b.a.e.web.servlet.WebMvcEndpointHandlerMapping - Mapped "{[/actuator/info],methods=[GET],produces=[application/vnd.spring-boot.actuator.v2+json || application/json]}" onto public java.lang.Object org.springframework.boot.actuate.endpoint.web.servlet.AbstractWebMvcEndpointHandlerMapping$OperationHandler.handle(javax.servlet.http.HttpServletRequest,java.util.Map<java.lang.String, java.lang.String>)
2020-12-27 23:51:59.036 [main] INFO  o.s.b.a.e.web.servlet.WebMvcEndpointHandlerMapping - Mapped "{[/actuator],methods=[GET],produces=[application/vnd.spring-boot.actuator.v2+json || application/json]}" onto protected java.util.Map<java.lang.String, java.util.Map<java.lang.String, org.springframework.boot.actuate.endpoint.web.Link>> org.springframework.boot.actuate.endpoint.web.servlet.WebMvcEndpointHandlerMapping.links(javax.servlet.http.HttpServletRequest,javax.servlet.http.HttpServletResponse)
2020-12-27 23:51:59.407 [main] INFO  s.d.s.w.PropertySourcedRequestMappingHandlerMapping - Mapped URL path [/v2/api-docs] onto method [public org.springframework.http.ResponseEntity<springfox.documentation.spring.web.json.Json> springfox.documentation.swagger2.web.Swagger2Controller.getDocumentation(java.lang.String,javax.servlet.http.HttpServletRequest)]
2020-12-27 23:51:59.462 [main] WARN  com.netflix.config.sources.URLConfigurationSource - No URLs will be polled as dynamic configuration sources.
2020-12-27 23:51:59.462 [main] INFO  com.netflix.config.sources.URLConfigurationSource - To enable URLs as dynamic configuration sources, define System property archaius.configurationSource.additionalUrls or make config.properties available on classpath.
2020-12-27 23:51:59.626 [main] INFO  o.s.web.servlet.handler.SimpleUrlHandlerMapping - Mapped URL path [/**/favicon.ico] onto handler of type [class org.springframework.web.servlet.resource.ResourceHttpRequestHandler]
2020-12-27 23:52:00.448 [main] INFO  o.s.w.s.m.m.a.RequestMappingHandlerAdapter - Looking for @ControllerAdvice: org.springframework.boot.web.servlet.context.AnnotationConfigServletWebServerApplicationContext@a5bd950: startup date [Sun Dec 27 23:51:46 CST 2020]; parent: org.springframework.context.annotation.AnnotationConfigApplicationContext@24aed80c
2020-12-27 23:52:00.794 [main] INFO  o.s.web.servlet.handler.SimpleUrlHandlerMapping - Mapped URL path [/webjars/**] onto handler of type [class org.springframework.web.servlet.resource.ResourceHttpRequestHandler]
2020-12-27 23:52:00.795 [main] INFO  o.s.web.servlet.handler.SimpleUrlHandlerMapping - Mapped URL path [/**] onto handler of type [class org.springframework.web.servlet.resource.ResourceHttpRequestHandler]
2020-12-27 23:52:04.770 [main] INFO  o.s.jmx.export.annotation.AnnotationMBeanExporter - Registering beans for JMX exposure on startup
2020-12-27 23:52:04.773 [main] INFO  o.s.jmx.export.annotation.AnnotationMBeanExporter - Bean with name 'dataSource' has been autodetected for JMX exposure
2020-12-27 23:52:04.786 [main] INFO  o.s.jmx.export.annotation.AnnotationMBeanExporter - Bean with name 'environmentManager' has been autodetected for JMX exposure
2020-12-27 23:52:04.787 [main] INFO  o.s.jmx.export.annotation.AnnotationMBeanExporter - Bean with name 'refreshScope' has been autodetected for JMX exposure
2020-12-27 23:52:04.789 [main] INFO  o.s.jmx.export.annotation.AnnotationMBeanExporter - Bean with name 'configurationPropertiesRebinder' has been autodetected for JMX exposure
2020-12-27 23:52:04.794 [main] INFO  o.s.jmx.export.annotation.AnnotationMBeanExporter - Located managed bean 'environmentManager': registering with JMX server as MBean [org.springframework.cloud.context.environment:name=environmentManager,type=EnvironmentManager]
2020-12-27 23:52:04.807 [main] INFO  o.s.jmx.export.annotation.AnnotationMBeanExporter - Located managed bean 'refreshScope': registering with JMX server as MBean [org.springframework.cloud.context.scope.refresh:name=refreshScope,type=RefreshScope]
2020-12-27 23:52:04.825 [main] INFO  o.s.jmx.export.annotation.AnnotationMBeanExporter - Located managed bean 'configurationPropertiesRebinder': registering with JMX server as MBean [org.springframework.cloud.context.properties:name=configurationPropertiesRebinder,context=a5bd950,type=ConfigurationPropertiesRebinder]
2020-12-27 23:52:04.833 [main] INFO  o.s.jmx.export.annotation.AnnotationMBeanExporter - Located MBean 'dataSource': registering with JMX server as MBean [com.alibaba.druid.pool:name=dataSource,type=DruidDataSource]
2020-12-27 23:52:04.852 [main] INFO  o.s.context.support.DefaultLifecycleProcessor - Starting beans in phase 0
2020-12-27 23:52:04.878 [main] INFO  o.s.cloud.netflix.eureka.InstanceInfoFactory - Setting initial instance status as: STARTING
2020-12-27 23:52:04.966 [main] INFO  com.netflix.discovery.DiscoveryClient - Initializing Eureka in region us-east-1
2020-12-27 23:52:06.245 [main] INFO  c.n.discovery.provider.DiscoveryJerseyProvider - Using JSON encoding codec LegacyJacksonJson
2020-12-27 23:52:06.249 [main] INFO  c.n.discovery.provider.DiscoveryJerseyProvider - Using JSON decoding codec LegacyJacksonJson
2020-12-27 23:52:06.421 [main] INFO  c.n.discovery.provider.DiscoveryJerseyProvider - Using XML encoding codec XStreamXml
2020-12-27 23:52:06.422 [main] INFO  c.n.discovery.provider.DiscoveryJerseyProvider - Using XML decoding codec XStreamXml
2020-12-27 23:52:06.797 [main] INFO  c.n.d.shared.resolver.aws.ConfigClusterResolver - Resolving eureka endpoints via configuration
2020-12-27 23:52:08.196 [main] INFO  com.netflix.discovery.DiscoveryClient - Disable delta property : false
2020-12-27 23:52:08.198 [main] INFO  com.netflix.discovery.DiscoveryClient - Single vip registry refresh property : null
2020-12-27 23:52:08.199 [main] INFO  com.netflix.discovery.DiscoveryClient - Force full registry fetch : false
2020-12-27 23:52:08.199 [main] INFO  com.netflix.discovery.DiscoveryClient - Application is null : false
2020-12-27 23:52:08.199 [main] INFO  com.netflix.discovery.DiscoveryClient - Registered Applications size is zero : true
2020-12-27 23:52:08.199 [main] INFO  com.netflix.discovery.DiscoveryClient - Application version is -1: true
2020-12-27 23:52:08.199 [main] INFO  com.netflix.discovery.DiscoveryClient - Getting all instance registry info from the eureka server
2020-12-27 23:52:08.868 [main] INFO  com.netflix.discovery.DiscoveryClient - The response status is 200
2020-12-27 23:52:08.876 [main] INFO  com.netflix.discovery.DiscoveryClient - Starting heartbeat executor: renew interval is: 30
2020-12-27 23:52:08.935 [main] INFO  com.netflix.discovery.InstanceInfoReplicator - InstanceInfoReplicator onDemand update allowed rate per min is 4
2020-12-27 23:52:08.945 [main] INFO  com.netflix.discovery.DiscoveryClient - Discovery Client initialized at timestamp 1609084328943 with initial instances count: 2
2020-12-27 23:52:08.965 [main] INFO  o.s.c.n.e.serviceregistry.EurekaServiceRegistry - Registering application ORDER-SERVICE with eureka with status UP
2020-12-27 23:52:08.966 [main] INFO  com.netflix.discovery.DiscoveryClient - Saw local status change event StatusChangeEvent [timestamp=1609084328966, current=UP, previous=STARTING]
2020-12-27 23:52:08.969 [DiscoveryClient-InstanceInfoReplicator-0] INFO  com.netflix.discovery.DiscoveryClient - DiscoveryClient_ORDER-SERVICE/order-service:192.168.1.5:9002: registering service...
2020-12-27 23:52:08.975 [main] INFO  o.s.context.support.DefaultLifecycleProcessor - Starting beans in phase 2147483647
2020-12-27 23:52:08.977 [main] INFO  s.d.s.web.plugins.DocumentationPluginsBootstrapper - Context refreshed
2020-12-27 23:52:09.024 [DiscoveryClient-InstanceInfoReplicator-0] INFO  com.netflix.discovery.DiscoveryClient - DiscoveryClient_ORDER-SERVICE/order-service:192.168.1.5:9002 - registration status: 204
2020-12-27 23:52:09.192 [main] INFO  s.d.s.web.plugins.DocumentationPluginsBootstrapper - Found 1 custom documentation plugin(s)
2020-12-27 23:52:09.268 [main] INFO  s.d.spring.web.scanners.ApiListingReferenceScanner - Scanning for api listing references
2020-12-27 23:52:09.511 [main] INFO  org.apache.coyote.http11.Http11NioProtocol - Starting ProtocolHandler ["http-nio-9002"]
2020-12-27 23:52:09.523 [main] INFO  org.apache.tomcat.util.net.NioSelectorPool - Using a shared selector for servlet write/read
2020-12-27 23:52:09.568 [main] INFO  o.s.boot.web.embedded.tomcat.TomcatWebServer - Tomcat started on port(s): 9002 (http) with context path ''
2020-12-27 23:52:09.570 [main] INFO  o.s.c.n.e.s.EurekaAutoServiceRegistration - Updating port to 9002
2020-12-27 23:52:09.574 [main] INFO  com.ccty.service.order.OrderApplication - Started OrderApplication in 30.973 seconds (JVM running for 31.823)
2020-12-27 23:57:08.202 [AsyncResolver-bootstrap-executor-0] INFO  c.n.d.shared.resolver.aws.ConfigClusterResolver - Resolving eureka endpoints via configuration
2020-12-27 23:59:02.388 [http-nio-9002-exec-1] INFO  o.a.c.core.ContainerBase.[Tomcat].[localhost].[/] - Initializing Spring FrameworkServlet 'dispatcherServlet'
2020-12-27 23:59:02.388 [http-nio-9002-exec-1] INFO  org.springframework.web.servlet.DispatcherServlet - FrameworkServlet 'dispatcherServlet': initialization started
2020-12-27 23:59:02.999 [http-nio-9002-exec-1] INFO  org.springframework.web.servlet.DispatcherServlet - FrameworkServlet 'dispatcherServlet': initialization completed in 609 ms
